[1m============================= test session starts ==============================[0m
platform linux -- Python 3.8.10, pytest-4.6.9, py-1.8.1, pluggy-0.13.0
cachedir: build/mypkg/.pytest_cache
rootdir: /home/aoki/ros2_ws/src/mypkg
plugins: ament-pep257-0.9.8, ament-lint-0.9.8, ament-xmllint-0.9.8, launch-testing-ros-0.11.7, launch-testing-0.10.10, ament-copyright-0.9.8, ament-flake8-0.9.8, colcon-core-0.18.3, cov-2.8.1
[1mcollecting ... [0m[1m
collected 3 items                                                              [0m

test/test_copyright.py [31mF[0m[36m                                                 [ 33%][0m
test/test_flake8.py [31mF[0m[36m                                                    [ 66%][0m
test/test_pep257.py [31mF[0m[36m                                                    [100%][0m

=================================== FAILURES ===================================
[31m[1m________________________________ test_copyright ________________________________[0m
[1m[31mtest/test_copyright.py[0m:23: in test_copyright
[1m    assert rc == 0, 'Found errors'[0m
[1m[31mE   AssertionError: Found errors[0m
[1m[31mE   assert 1 == 0[0m
----------------------------- Captured stderr call -----------------------------
CONTRIBUTING.md: file not found
LICENSE: file not found
build/mypkg/build/lib/mypkg/listener.py: could not find copyright notice
build/mypkg/build/lib/mypkg/talker.py: could not find copyright notice
build/mypkg/prefix_override/sitecustomize.py: could not find copyright notice
install/_local_setup_util_ps1.py: copyright=Dirk Thomas (2016-2019), license=<unknown>
install/_local_setup_util_sh.py: copyright=Dirk Thomas (2016-2019), license=<unknown>
install/mypkg/lib/python3.8/site-packages/mypkg/listener.py: could not find copyright notice
install/mypkg/lib/python3.8/site-packages/mypkg/talker.py: could not find copyright notice
listener.py: could not find copyright notice
mypkg/listener.py: could not find copyright notice
mypkg/mypkg/CONTRIBUTING.md: file not found
mypkg/mypkg/LICENSE: file not found
mypkg/talker.py: could not find copyright notice
talker.py: could not find copyright notice
15 errors, checked 21 files
[31m[1m_________________________________ test_flake8 __________________________________[0m
[1m[31mtest/test_flake8.py[0m:23: in test_flake8
[1m    assert rc == 0, \[0m
[1m[31mE   AssertionError: Found 13 code style errors / warnings:[0m
[1m[31mE     ./listener.py:5:1: E302 expected 2 blank lines, found 1[0m
[1m[31mE     ./listener.py:19:1: E302 expected 2 blank lines, found 1[0m
[1m[31mE     ./listener.py:30:1: E305 expected 2 blank lines after class or function definition, found 1[0m
[1m[31mE     ./talker.py:20:26: E231 missing whitespace after ','[0m
[1m[31mE     ./install/mypkg/lib/python3.8/site-packages/mypkg/listener.py:1:1: E902 TokenError: EOF in multi-line statement[0m
[1m[31mE     ./install/mypkg/lib/python3.8/site-packages/mypkg/listener.py:17:2: W291 trailing whitespace[0m
[1m[31mE     ./install/mypkg/lib/python3.8/site-packages/mypkg/talker.py:20:26: E231 missing whitespace after ','[0m
[1m[31mE     ./mypkg/listener.py:1:1: E902 TokenError: EOF in multi-line statement[0m
[1m[31mE     ./mypkg/listener.py:17:2: W291 trailing whitespace[0m
[1m[31mE     ./mypkg/talker.py:20:26: E231 missing whitespace after ','[0m
[1m[31mE     ./build/mypkg/build/lib/mypkg/listener.py:1:1: E902 TokenError: EOF in multi-line statement[0m
[1m[31mE     ./build/mypkg/build/lib/mypkg/listener.py:17:2: W291 trailing whitespace[0m
[1m[31mE     ./build/mypkg/build/lib/mypkg/talker.py:20:26: E231 missing whitespace after ','[0m
[1m[31mE   assert 1 == 0[0m
----------------------------- Captured stdout call -----------------------------

./listener.py:5:1: E302 expected 2 blank lines, found 1
class ListenerNode(Node):
^

./listener.py:19:1: E302 expected 2 blank lines, found 1
def main():
^

./listener.py:30:1: E305 expected 2 blank lines after class or function definition, found 1
if __name__ == '__main__':
^

./talker.py:20:26: E231 missing whitespace after ','
    node.create_timer(0.5,cd)
                         ^

./install/mypkg/lib/python3.8/site-packages/mypkg/listener.py:1:1: E902 TokenError: EOF in multi-line statement
import rclpy
^

./install/mypkg/lib/python3.8/site-packages/mypkg/listener.py:17:2: W291 trailing whitespace
~                           
 ^

./install/mypkg/lib/python3.8/site-packages/mypkg/talker.py:20:26: E231 missing whitespace after ','
    node.create_timer(0.5,cd)
                         ^

./mypkg/listener.py:1:1: E902 TokenError: EOF in multi-line statement
import rclpy
^

./mypkg/listener.py:17:2: W291 trailing whitespace
~                           
 ^

./mypkg/talker.py:20:26: E231 missing whitespace after ','
    node.create_timer(0.5,cd)
                         ^

./build/mypkg/build/lib/mypkg/listener.py:1:1: E902 TokenError: EOF in multi-line statement
import rclpy
^

./build/mypkg/build/lib/mypkg/listener.py:17:2: W291 trailing whitespace
~                           
 ^

./build/mypkg/build/lib/mypkg/talker.py:20:26: E231 missing whitespace after ','
    node.create_timer(0.5,cd)
                         ^

4     E231 missing whitespace after ','
2     E302 expected 2 blank lines, found 1
1     E305 expected 2 blank lines after class or function definition, found 1
3     E902 TokenError: EOF in multi-line statement
3     W291 trailing whitespace

18 files checked
13 errors

'E'-type errors: 10
'W'-type errors: 3

Checked files:

* ./setup.py
* ./listener.py
* ./talker.py
* ./install/_local_setup_util_ps1.py
* ./install/_local_setup_util_sh.py
* ./install/mypkg/lib/python3.8/site-packages/mypkg/__init__.py
* ./install/mypkg/lib/python3.8/site-packages/mypkg/listener.py
* ./install/mypkg/lib/python3.8/site-packages/mypkg/talker.py
* ./mypkg/__init__.py
* ./mypkg/listener.py
* ./mypkg/talker.py
* ./test/test_pep257.py
* ./test/test_flake8.py
* ./test/test_copyright.py
* ./build/mypkg/build/lib/mypkg/__init__.py
* ./build/mypkg/build/lib/mypkg/listener.py
* ./build/mypkg/build/lib/mypkg/talker.py
* ./build/mypkg/prefix_override/sitecustomize.py
[31m[1m_________________________________ test_pep257 __________________________________[0m
[1m[31mtest/test_pep257.py[0m:23: in test_pep257
[1m    assert rc == 0, 'Found code style errors / warnings'[0m
[1m[31mE   AssertionError: Found code style errors / warnings[0m
[1m[31mE   assert 1 == 0[0m
----------------------------- Captured stdout call -----------------------------
checking ./build/mypkg/build/lib/mypkg/__init__.py
checking ./build/mypkg/build/lib/mypkg/listener.py
checking ./build/mypkg/build/lib/mypkg/talker.py
checking ./build/mypkg/prefix_override/sitecustomize.py
checking ./install/_local_setup_util_ps1.py
checking ./install/_local_setup_util_sh.py
checking ./install/mypkg/lib/python3.8/site-packages/mypkg/__init__.py
checking ./install/mypkg/lib/python3.8/site-packages/mypkg/listener.py
checking ./install/mypkg/lib/python3.8/site-packages/mypkg/talker.py
checking ./listener.py
checking ./mypkg/__init__.py
checking ./mypkg/listener.py
checking ./mypkg/talker.py
checking ./setup.py
checking ./talker.py
checking ./test/test_copyright.py
checking ./test/test_flake8.py
checking ./test/test_pep257.py
checking test/test_copyright.py
checking test/test_flake8.py
checking test/test_pep257.py
----------------------------- Captured stderr call -----------------------------
Error in file ./build/mypkg/build/lib/mypkg/listener.py: Cannot parse file.
./build/mypkg/build/lib/mypkg/listener.py: Cannot parse file.
Error in file ./install/mypkg/lib/python3.8/site-packages/mypkg/listener.py: Cannot parse file.
./install/mypkg/lib/python3.8/site-packages/mypkg/listener.py: Cannot parse file.
Error in file ./mypkg/listener.py: Cannot parse file.
./mypkg/listener.py: Cannot parse file.
3 errors
--- generated xml file: /home/aoki/ros2_ws/src/mypkg/build/mypkg/pytest.xml ----
[31m[1m===================== 3 failed, 1 warnings in 0.29 seconds =====================[0m
