[0.152s] Invoking command in '/home/aoki/ros2_ws/src/mypkg': AMENT_PREFIX_PATH=/home/aoki/ros2_ws/src/mypkg/install/mypkg:${AMENT_PREFIX_PATH} PYTEST_ADDOPTS=--tb=short --junit-xml=/home/aoki/ros2_ws/src/mypkg/build/mypkg/pytest.xml --junit-prefix=mypkg -o cache_dir=/home/aoki/ros2_ws/src/mypkg/build/mypkg/.pytest_cache PYTHONDONTWRITEBYTECODE=1 PYTHONPATH=/home/aoki/ros2_ws/src/mypkg/install/mypkg/lib/python3.8/site-packages:${PYTHONPATH} /usr/bin/python3 -m pytest
[0.540s] [1m============================= test session starts ==============================[0m
[0.540s] platform linux -- Python 3.8.10, pytest-4.6.9, py-1.8.1, pluggy-0.13.0
[0.543s] cachedir: build/mypkg/.pytest_cache
[0.543s] rootdir: /home/aoki/ros2_ws/src/mypkg
[0.543s] plugins: ament-pep257-0.9.8, ament-lint-0.9.8, ament-xmllint-0.9.8, launch-testing-ros-0.11.7, launch-testing-0.10.10, ament-copyright-0.9.8, ament-flake8-0.9.8, colcon-core-0.18.3, cov-2.8.1
[0.610s] [1mcollecting ... [0m[1m
[0.610s] collected 3 items                                                              [0m
[0.611s] 
[0.638s] test/test_copyright.py [31mF[0m[36m                                                 [ 33%][0m
[0.781s] test/test_flake8.py [31mF[0m[36m                                                    [ 66%][0m
[0.824s] test/test_pep257.py [31mF[0m[36m                                                    [100%][0m
[0.824s] 
[0.825s] =================================== FAILURES ===================================
[0.825s] [31m[1m________________________________ test_copyright ________________________________[0m
[0.825s] [1m[31mtest/test_copyright.py[0m:23: in test_copyright
[0.825s] [1m    assert rc == 0, 'Found errors'[0m
[0.825s] [1m[31mE   AssertionError: Found errors[0m
[0.825s] [1m[31mE   assert 1 == 0[0m
[0.825s] ----------------------------- Captured stderr call -----------------------------
[0.825s] CONTRIBUTING.md: file not found
[0.825s] LICENSE: file not found
[0.825s] build/mypkg/build/lib/mypkg/listener.py: could not find copyright notice
[0.825s] build/mypkg/build/lib/mypkg/talker.py: could not find copyright notice
[0.826s] build/mypkg/prefix_override/sitecustomize.py: could not find copyright notice
[0.826s] install/_local_setup_util_ps1.py: copyright=Dirk Thomas (2016-2019), license=<unknown>
[0.826s] install/_local_setup_util_sh.py: copyright=Dirk Thomas (2016-2019), license=<unknown>
[0.826s] install/mypkg/lib/python3.8/site-packages/mypkg/listener.py: could not find copyright notice
[0.826s] install/mypkg/lib/python3.8/site-packages/mypkg/talker.py: could not find copyright notice
[0.826s] listener.py: could not find copyright notice
[0.826s] mypkg/listener.py: could not find copyright notice
[0.826s] mypkg/mypkg/CONTRIBUTING.md: file not found
[0.826s] mypkg/mypkg/LICENSE: file not found
[0.826s] mypkg/talker.py: could not find copyright notice
[0.826s] talker.py: could not find copyright notice
[0.826s] 15 errors, checked 21 files
[0.826s] [31m[1m_________________________________ test_flake8 __________________________________[0m
[0.826s] [1m[31mtest/test_flake8.py[0m:23: in test_flake8
[0.827s] [1m    assert rc == 0, \[0m
[0.827s] [1m[31mE   AssertionError: Found 13 code style errors / warnings:[0m
[0.827s] [1m[31mE     ./listener.py:5:1: E302 expected 2 blank lines, found 1[0m
[0.827s] [1m[31mE     ./listener.py:19:1: E302 expected 2 blank lines, found 1[0m
[0.827s] [1m[31mE     ./listener.py:30:1: E305 expected 2 blank lines after class or function definition, found 1[0m
[0.827s] [1m[31mE     ./talker.py:20:26: E231 missing whitespace after ','[0m
[0.827s] [1m[31mE     ./install/mypkg/lib/python3.8/site-packages/mypkg/listener.py:1:1: E902 TokenError: EOF in multi-line statement[0m
[0.827s] [1m[31mE     ./install/mypkg/lib/python3.8/site-packages/mypkg/listener.py:17:2: W291 trailing whitespace[0m
[0.827s] [1m[31mE     ./install/mypkg/lib/python3.8/site-packages/mypkg/talker.py:20:26: E231 missing whitespace after ','[0m
[0.828s] [1m[31mE     ./mypkg/listener.py:1:1: E902 TokenError: EOF in multi-line statement[0m
[0.828s] [1m[31mE     ./mypkg/listener.py:17:2: W291 trailing whitespace[0m
[0.828s] [1m[31mE     ./mypkg/talker.py:20:26: E231 missing whitespace after ','[0m
[0.828s] [1m[31mE     ./build/mypkg/build/lib/mypkg/listener.py:1:1: E902 TokenError: EOF in multi-line statement[0m
[0.828s] [1m[31mE     ./build/mypkg/build/lib/mypkg/listener.py:17:2: W291 trailing whitespace[0m
[0.828s] [1m[31mE     ./build/mypkg/build/lib/mypkg/talker.py:20:26: E231 missing whitespace after ','[0m
[0.828s] [1m[31mE   assert 1 == 0[0m
[0.828s] ----------------------------- Captured stdout call -----------------------------
[0.828s] 
[0.828s] ./listener.py:5:1: E302 expected 2 blank lines, found 1
[0.828s] class ListenerNode(Node):
[0.828s] ^
[0.828s] 
[0.828s] ./listener.py:19:1: E302 expected 2 blank lines, found 1
[0.828s] def main():
[0.828s] ^
[0.828s] 
[0.828s] ./listener.py:30:1: E305 expected 2 blank lines after class or function definition, found 1
[0.828s] if __name__ == '__main__':
[0.828s] ^
[0.828s] 
[0.828s] ./talker.py:20:26: E231 missing whitespace after ','
[0.828s]     node.create_timer(0.5,cd)
[0.828s]                          ^
[0.828s] 
[0.828s] ./install/mypkg/lib/python3.8/site-packages/mypkg/listener.py:1:1: E902 TokenError: EOF in multi-line statement
[0.828s] import rclpy
[0.828s] ^
[0.828s] 
[0.828s] ./install/mypkg/lib/python3.8/site-packages/mypkg/listener.py:17:2: W291 trailing whitespace
[0.828s] ~                           
[0.828s]  ^
[0.828s] 
[0.828s] ./install/mypkg/lib/python3.8/site-packages/mypkg/talker.py:20:26: E231 missing whitespace after ','
[0.828s]     node.create_timer(0.5,cd)
[0.829s]                          ^
[0.829s] 
[0.829s] ./mypkg/listener.py:1:1: E902 TokenError: EOF in multi-line statement
[0.829s] import rclpy
[0.829s] ^
[0.829s] 
[0.829s] ./mypkg/listener.py:17:2: W291 trailing whitespace
[0.829s] ~                           
[0.829s]  ^
[0.829s] 
[0.829s] ./mypkg/talker.py:20:26: E231 missing whitespace after ','
[0.829s]     node.create_timer(0.5,cd)
[0.829s]                          ^
[0.829s] 
[0.829s] ./build/mypkg/build/lib/mypkg/listener.py:1:1: E902 TokenError: EOF in multi-line statement
[0.829s] import rclpy
[0.829s] ^
[0.829s] 
[0.829s] ./build/mypkg/build/lib/mypkg/listener.py:17:2: W291 trailing whitespace
[0.829s] ~                           
[0.829s]  ^
[0.829s] 
[0.829s] ./build/mypkg/build/lib/mypkg/talker.py:20:26: E231 missing whitespace after ','
[0.829s]     node.create_timer(0.5,cd)
[0.829s]                          ^
[0.829s] 
[0.829s] 4     E231 missing whitespace after ','
[0.829s] 2     E302 expected 2 blank lines, found 1
[0.829s] 1     E305 expected 2 blank lines after class or function definition, found 1
[0.829s] 3     E902 TokenError: EOF in multi-line statement
[0.829s] 3     W291 trailing whitespace
[0.829s] 
[0.829s] 18 files checked
[0.829s] 13 errors
[0.830s] 
[0.830s] 'E'-type errors: 10
[0.830s] 'W'-type errors: 3
[0.830s] 
[0.830s] Checked files:
[0.830s] 
[0.830s] * ./setup.py
[0.830s] * ./listener.py
[0.830s] * ./talker.py
[0.830s] * ./install/_local_setup_util_ps1.py
[0.830s] * ./install/_local_setup_util_sh.py
[0.830s] * ./install/mypkg/lib/python3.8/site-packages/mypkg/__init__.py
[0.830s] * ./install/mypkg/lib/python3.8/site-packages/mypkg/listener.py
[0.830s] * ./install/mypkg/lib/python3.8/site-packages/mypkg/talker.py
[0.830s] * ./mypkg/__init__.py
[0.830s] * ./mypkg/listener.py
[0.830s] * ./mypkg/talker.py
[0.830s] * ./test/test_pep257.py
[0.830s] * ./test/test_flake8.py
[0.830s] * ./test/test_copyright.py
[0.830s] * ./build/mypkg/build/lib/mypkg/__init__.py
[0.830s] * ./build/mypkg/build/lib/mypkg/listener.py
[0.830s] * ./build/mypkg/build/lib/mypkg/talker.py
[0.830s] * ./build/mypkg/prefix_override/sitecustomize.py
[0.830s] [31m[1m_________________________________ test_pep257 __________________________________[0m
[0.830s] [1m[31mtest/test_pep257.py[0m:23: in test_pep257
[0.830s] [1m    assert rc == 0, 'Found code style errors / warnings'[0m
[0.830s] [1m[31mE   AssertionError: Found code style errors / warnings[0m
[0.830s] [1m[31mE   assert 1 == 0[0m
[0.830s] ----------------------------- Captured stdout call -----------------------------
[0.830s] checking ./build/mypkg/build/lib/mypkg/__init__.py
[0.830s] checking ./build/mypkg/build/lib/mypkg/listener.py
[0.830s] checking ./build/mypkg/build/lib/mypkg/talker.py
[0.830s] checking ./build/mypkg/prefix_override/sitecustomize.py
[0.830s] checking ./install/_local_setup_util_ps1.py
[0.831s] checking ./install/_local_setup_util_sh.py
[0.831s] checking ./install/mypkg/lib/python3.8/site-packages/mypkg/__init__.py
[0.831s] checking ./install/mypkg/lib/python3.8/site-packages/mypkg/listener.py
[0.831s] checking ./install/mypkg/lib/python3.8/site-packages/mypkg/talker.py
[0.831s] checking ./listener.py
[0.831s] checking ./mypkg/__init__.py
[0.831s] checking ./mypkg/listener.py
[0.831s] checking ./mypkg/talker.py
[0.831s] checking ./setup.py
[0.831s] checking ./talker.py
[0.831s] checking ./test/test_copyright.py
[0.831s] checking ./test/test_flake8.py
[0.831s] checking ./test/test_pep257.py
[0.831s] checking test/test_copyright.py
[0.831s] checking test/test_flake8.py
[0.831s] checking test/test_pep257.py
[0.831s] ----------------------------- Captured stderr call -----------------------------
[0.831s] Error in file ./build/mypkg/build/lib/mypkg/listener.py: Cannot parse file.
[0.831s] ./build/mypkg/build/lib/mypkg/listener.py: Cannot parse file.
[0.831s] Error in file ./install/mypkg/lib/python3.8/site-packages/mypkg/listener.py: Cannot parse file.
[0.831s] ./install/mypkg/lib/python3.8/site-packages/mypkg/listener.py: Cannot parse file.
[0.831s] Error in file ./mypkg/listener.py: Cannot parse file.
[0.831s] ./mypkg/listener.py: Cannot parse file.
[0.831s] 3 errors
[0.831s] [33m=============================== warnings summary ===============================[0m
[0.831s] /usr/lib/python3/dist-packages/pydocstyle/config.py:6
[0.831s]   Warning: Using or importing the ABCs from 'collections' instead of from 'collections.abc' is deprecated since Python 3.3, and in 3.10 it will stop working
[0.831s] 
[0.831s] -- Docs: https://docs.pytest.org/en/latest/warnings.html
[0.831s] --- generated xml file: /home/aoki/ros2_ws/src/mypkg/build/mypkg/pytest.xml ----
[0.831s] [31m[1m===================== 3 failed, 1 warnings in 0.29 seconds =====================[0m
[0.861s] Invoked command in '/home/aoki/ros2_ws/src/mypkg' returned '1': AMENT_PREFIX_PATH=/home/aoki/ros2_ws/src/mypkg/install/mypkg:${AMENT_PREFIX_PATH} PYTEST_ADDOPTS=--tb=short --junit-xml=/home/aoki/ros2_ws/src/mypkg/build/mypkg/pytest.xml --junit-prefix=mypkg -o cache_dir=/home/aoki/ros2_ws/src/mypkg/build/mypkg/.pytest_cache PYTHONDONTWRITEBYTECODE=1 PYTHONPATH=/home/aoki/ros2_ws/src/mypkg/install/mypkg/lib/python3.8/site-packages:${PYTHONPATH} /usr/bin/python3 -m pytest
