<?xml version="1.0" encoding="utf-8"?><testsuites><testsuite errors="0" failures="3" hostname="killerqueen" name="pytest" skipped="0" tests="3" time="0.286" timestamp="2024-11-21T12:04:33.347470"><testcase classname="mypkg.test.test_copyright" file="test/test_copyright.py" line="18" name="test_copyright" time="0.015"><failure message="AssertionError: Found errors
assert 1 == 0">test/test_copyright.py:23: in test_copyright
    assert rc == 0, &apos;Found errors&apos;
E   AssertionError: Found errors
E   assert 1 == 0</failure><system-err>CONTRIBUTING.md: file not found
LICENSE: file not found
build/mypkg/build/lib/mypkg/listener.py: could not find copyright notice
build/mypkg/build/lib/mypkg/talker.py: could not find copyright notice
build/mypkg/prefix_override/sitecustomize.py: could not find copyright notice
install/_local_setup_util_ps1.py: copyright=Dirk Thomas (2016-2019), license=&lt;unknown&gt;
install/_local_setup_util_sh.py: copyright=Dirk Thomas (2016-2019), license=&lt;unknown&gt;
install/mypkg/lib/python3.8/site-packages/mypkg/listener.py: could not find copyright notice
install/mypkg/lib/python3.8/site-packages/mypkg/talker.py: could not find copyright notice
listener.py: could not find copyright notice
mypkg/listener.py: could not find copyright notice
mypkg/mypkg/CONTRIBUTING.md: file not found
mypkg/mypkg/LICENSE: file not found
mypkg/talker.py: could not find copyright notice
talker.py: could not find copyright notice
15 errors, checked 21 files
</system-err></testcase><testcase classname="mypkg.test.test_flake8" file="test/test_flake8.py" line="18" name="test_flake8" time="0.140"><failure message="AssertionError: Found 13 code style errors / warnings:
  ./listener.py:5:1: E302 expected 2 blank lines, found 1
  ./listener.py:19:1: E302 expected 2 blank lines, found 1
  ./listener.py:30:1: E305 expected 2 blank lines after class or function definition, found 1
  ./talker.py:20:26: E231 missing whitespace after &apos;,&apos;
  ./install/mypkg/lib/python3.8/site-packages/mypkg/listener.py:1:1: E902 TokenError: EOF in multi-line statement
  ./install/mypkg/lib/python3.8/site-packages/mypkg/listener.py:17:2: W291 trailing whitespace
  ./install/mypkg/lib/python3.8/site-packages/mypkg/talker.py:20:26: E231 missing whitespace after &apos;,&apos;
  ./mypkg/listener.py:1:1: E902 TokenError: EOF in multi-line statement
  ./mypkg/listener.py:17:2: W291 trailing whitespace
  ./mypkg/talker.py:20:26: E231 missing whitespace after &apos;,&apos;
  ./build/mypkg/build/lib/mypkg/listener.py:1:1: E902 TokenError: EOF in multi-line statement
  ./build/mypkg/build/lib/mypkg/listener.py:17:2: W291 trailing whitespace
  ./build/mypkg/build/lib/mypkg/talker.py:20:26: E231 missing whitespace after &apos;,&apos;
assert 1 == 0">test/test_flake8.py:23: in test_flake8
    assert rc == 0, \
E   AssertionError: Found 13 code style errors / warnings:
E     ./listener.py:5:1: E302 expected 2 blank lines, found 1
E     ./listener.py:19:1: E302 expected 2 blank lines, found 1
E     ./listener.py:30:1: E305 expected 2 blank lines after class or function definition, found 1
E     ./talker.py:20:26: E231 missing whitespace after &apos;,&apos;
E     ./install/mypkg/lib/python3.8/site-packages/mypkg/listener.py:1:1: E902 TokenError: EOF in multi-line statement
E     ./install/mypkg/lib/python3.8/site-packages/mypkg/listener.py:17:2: W291 trailing whitespace
E     ./install/mypkg/lib/python3.8/site-packages/mypkg/talker.py:20:26: E231 missing whitespace after &apos;,&apos;
E     ./mypkg/listener.py:1:1: E902 TokenError: EOF in multi-line statement
E     ./mypkg/listener.py:17:2: W291 trailing whitespace
E     ./mypkg/talker.py:20:26: E231 missing whitespace after &apos;,&apos;
E     ./build/mypkg/build/lib/mypkg/listener.py:1:1: E902 TokenError: EOF in multi-line statement
E     ./build/mypkg/build/lib/mypkg/listener.py:17:2: W291 trailing whitespace
E     ./build/mypkg/build/lib/mypkg/talker.py:20:26: E231 missing whitespace after &apos;,&apos;
E   assert 1 == 0</failure><system-out>
./listener.py:5:1: E302 expected 2 blank lines, found 1
class ListenerNode(Node):
^

./listener.py:19:1: E302 expected 2 blank lines, found 1
def main():
^

./listener.py:30:1: E305 expected 2 blank lines after class or function definition, found 1
if __name__ == &apos;__main__&apos;:
^

./talker.py:20:26: E231 missing whitespace after &apos;,&apos;
    node.create_timer(0.5,cd)
                         ^

./install/mypkg/lib/python3.8/site-packages/mypkg/listener.py:1:1: E902 TokenError: EOF in multi-line statement
import rclpy
^

./install/mypkg/lib/python3.8/site-packages/mypkg/listener.py:17:2: W291 trailing whitespace
~                           
 ^

./install/mypkg/lib/python3.8/site-packages/mypkg/talker.py:20:26: E231 missing whitespace after &apos;,&apos;
    node.create_timer(0.5,cd)
                         ^

./mypkg/listener.py:1:1: E902 TokenError: EOF in multi-line statement
import rclpy
^

./mypkg/listener.py:17:2: W291 trailing whitespace
~                           
 ^

./mypkg/talker.py:20:26: E231 missing whitespace after &apos;,&apos;
    node.create_timer(0.5,cd)
                         ^

./build/mypkg/build/lib/mypkg/listener.py:1:1: E902 TokenError: EOF in multi-line statement
import rclpy
^

./build/mypkg/build/lib/mypkg/listener.py:17:2: W291 trailing whitespace
~                           
 ^

./build/mypkg/build/lib/mypkg/talker.py:20:26: E231 missing whitespace after &apos;,&apos;
    node.create_timer(0.5,cd)
                         ^

4     E231 missing whitespace after &apos;,&apos;
2     E302 expected 2 blank lines, found 1
1     E305 expected 2 blank lines after class or function definition, found 1
3     E902 TokenError: EOF in multi-line statement
3     W291 trailing whitespace

18 files checked
13 errors

&apos;E&apos;-type errors: 10
&apos;W&apos;-type errors: 3

Checked files:

* ./setup.py
* ./listener.py
* ./talker.py
* ./install/_local_setup_util_ps1.py
* ./install/_local_setup_util_sh.py
* ./install/mypkg/lib/python3.8/site-packages/mypkg/__init__.py
* ./install/mypkg/lib/python3.8/site-packages/mypkg/listener.py
* ./install/mypkg/lib/python3.8/site-packages/mypkg/talker.py
* ./mypkg/__init__.py
* ./mypkg/listener.py
* ./mypkg/talker.py
* ./test/test_pep257.py
* ./test/test_flake8.py
* ./test/test_copyright.py
* ./build/mypkg/build/lib/mypkg/__init__.py
* ./build/mypkg/build/lib/mypkg/listener.py
* ./build/mypkg/build/lib/mypkg/talker.py
* ./build/mypkg/prefix_override/sitecustomize.py
</system-out></testcase><testcase classname="mypkg.test.test_pep257" file="test/test_pep257.py" line="18" name="test_pep257" time="0.041"><failure message="AssertionError: Found code style errors / warnings
assert 1 == 0">test/test_pep257.py:23: in test_pep257
    assert rc == 0, &apos;Found code style errors / warnings&apos;
E   AssertionError: Found code style errors / warnings
E   assert 1 == 0</failure><system-out>checking ./build/mypkg/build/lib/mypkg/__init__.py
checking ./build/mypkg/build/lib/mypkg/listener.py
checking ./build/mypkg/build/lib/mypkg/talker.py
checking ./build/mypkg/prefix_override/sitecustomize.py
checking ./install/_local_setup_util_ps1.py
checking ./install/_local_setup_util_sh.py
checking ./install/mypkg/lib/python3.8/site-packages/mypkg/__init__.py
checking ./install/mypkg/lib/python3.8/site-packages/mypkg/listener.py
checking ./install/mypkg/lib/python3.8/site-packages/mypkg/talker.py
checking ./listener.py
checking ./mypkg/__init__.py
checking ./mypkg/listener.py
checking ./mypkg/talker.py
checking ./setup.py
checking ./talker.py
checking ./test/test_copyright.py
checking ./test/test_flake8.py
checking ./test/test_pep257.py
checking test/test_copyright.py
checking test/test_flake8.py
checking test/test_pep257.py
</system-out><system-err>Error in file ./build/mypkg/build/lib/mypkg/listener.py: Cannot parse file.
./build/mypkg/build/lib/mypkg/listener.py: Cannot parse file.
Error in file ./install/mypkg/lib/python3.8/site-packages/mypkg/listener.py: Cannot parse file.
./install/mypkg/lib/python3.8/site-packages/mypkg/listener.py: Cannot parse file.
Error in file ./mypkg/listener.py: Cannot parse file.
./mypkg/listener.py: Cannot parse file.
3 errors
</system-err></testcase></testsuite></testsuites>